TN:
SF:app.js
FNF:0
FNH:0
DA:1,2
DA:2,2
DA:3,2
DA:4,2
DA:5,2
DA:6,2
DA:10,2
DA:12,2
DA:15,2
DA:16,2
DA:20,2
DA:21,2
DA:24,2
LF:13
LH:13
BRF:0
BRH:0
end_of_record
TN:
SF:config/db.js
FN:3,(anonymous_0)
FNF:1
FNH:1
FNDA:2,(anonymous_0)
DA:1,2
DA:3,2
DA:4,2
DA:5,2
DA:6,2
DA:8,0
DA:9,0
DA:13,2
LF:8
LH:6
BRF:0
BRH:0
end_of_record
TN:
SF:controllers/postController.js
FN:4,(anonymous_0)
FN:13,(anonymous_1)
FN:26,(anonymous_2)
FN:45,(anonymous_3)
FN:60,(anonymous_4)
FNF:5
FNH:5
FNDA:1,(anonymous_0)
FNDA:11,(anonymous_1)
FNDA:1,(anonymous_2)
FNDA:1,(anonymous_3)
FNDA:1,(anonymous_4)
DA:1,2
DA:2,2
DA:4,2
DA:5,1
DA:6,1
DA:7,1
DA:9,0
DA:13,2
DA:14,11
DA:15,11
DA:16,11
DA:17,11
DA:18,11
DA:19,11
DA:21,0
DA:22,0
DA:26,2
DA:27,1
DA:28,1
DA:29,0
DA:32,1
DA:33,1
DA:34,1
DA:35,1
DA:36,0
DA:38,1
DA:40,0
DA:41,0
DA:45,2
DA:46,1
DA:47,1
DA:48,0
DA:50,1
DA:51,1
DA:52,1
DA:53,1
DA:55,0
DA:56,0
DA:60,2
DA:61,1
DA:62,1
DA:63,0
DA:65,1
DA:66,1
DA:67,1
DA:72,1
DA:73,0
DA:75,1
DA:77,0
DA:78,0
DA:81,2
LF:51
LH:37
BRDA:28,0,0,0
BRDA:28,0,1,1
BRDA:35,1,0,0
BRDA:35,1,1,1
BRDA:47,2,0,0
BRDA:47,2,1,1
BRDA:62,3,0,0
BRDA:62,3,1,1
BRDA:72,4,0,0
BRDA:72,4,1,1
BRF:10
BRH:5
end_of_record
TN:
SF:controllers/userController.js
FN:4,(anonymous_0)
FN:8,(anonymous_1)
FN:21,(anonymous_2)
FNF:3
FNH:3
FNDA:3,(anonymous_0)
FNDA:2,(anonymous_1)
FNDA:3,(anonymous_2)
DA:1,2
DA:2,2
DA:4,2
DA:5,3
DA:8,2
DA:10,2
DA:11,2
DA:12,2
DA:13,1
DA:14,1
DA:16,1
DA:21,2
DA:22,3
DA:23,3
DA:24,3
DA:25,2
DA:26,2
DA:28,1
DA:34,2
LF:19
LH:19
BRF:0
BRH:0
end_of_record
TN:
SF:middleware/requireAuth.js
FN:4,(anonymous_0)
FNF:1
FNH:1
FNDA:15,(anonymous_0)
DA:1,2
DA:2,2
DA:4,2
DA:6,15
DA:8,15
DA:9,0
DA:12,15
DA:14,15
DA:15,15
DA:17,15
DA:18,15
DA:20,0
DA:21,0
DA:25,2
LF:14
LH:11
BRDA:8,0,0,0
BRDA:8,0,1,15
BRF:2
BRH:1
end_of_record
TN:
SF:models/postSchema.js
FNF:0
FNH:0
DA:1,2
DA:4,2
DA:21,2
LF:3
LH:3
BRF:0
BRH:0
end_of_record
TN:
SF:models/userSchema.js
FN:20,(anonymous_0)
FN:47,(anonymous_1)
FNF:2
FNH:2
FNDA:3,(anonymous_0)
FNDA:2,(anonymous_1)
DA:1,2
DA:2,2
DA:3,2
DA:5,2
DA:7,2
DA:20,2
DA:22,3
DA:23,0
DA:25,3
DA:26,0
DA:28,3
DA:29,1
DA:32,2
DA:34,2
DA:35,0
DA:38,2
DA:39,2
DA:41,2
DA:43,2
DA:47,2
DA:48,2
DA:49,0
DA:52,2
DA:53,2
DA:54,0
DA:57,2
DA:58,2
DA:59,1
DA:62,1
DA:66,2
LF:30
LH:25
BRDA:22,0,0,0
BRDA:22,0,1,3
BRDA:22,1,0,3
BRDA:22,1,1,3
BRDA:25,2,0,0
BRDA:25,2,1,3
BRDA:28,3,0,1
BRDA:28,3,1,2
BRDA:34,4,0,0
BRDA:34,4,1,2
BRDA:48,5,0,0
BRDA:48,5,1,2
BRDA:48,6,0,2
BRDA:48,6,1,2
BRDA:53,7,0,0
BRDA:53,7,1,2
BRDA:58,8,0,1
BRDA:58,8,1,1
BRF:18
BRH:13
end_of_record
TN:
SF:routes/postRoute.js
FNF:0
FNH:0
DA:1,2
DA:2,2
DA:3,2
DA:4,2
DA:6,2
DA:7,2
DA:8,2
DA:9,2
DA:10,2
DA:13,2
LF:10
LH:10
BRF:0
BRH:0
end_of_record
TN:
SF:routes/userRoute.js
FNF:0
FNH:0
DA:1,2
DA:2,2
DA:3,2
DA:5,2
DA:7,2
DA:9,2
LF:6
LH:6
BRF:0
BRH:0
end_of_record
